[2025-08-21T12:15:53.810Z] Log level: Info
[2025-08-21T12:15:53.812Z] [info] Validating found git in: git
[2025-08-21T12:15:53.847Z] [info] Using git 2.50.1 from git
[2025-08-21T12:15:53.899Z] > git rev-parse --show-toplevel [17ms]
[2025-08-21T12:15:53.978Z] > git rev-parse --git-dir --git-common-dir [29ms]
[2025-08-21T12:15:54.020Z] [info] Open repository: /root/Desktop/kernel_workspace
[2025-08-21T12:15:55.063Z] > git check-ignore -v -z --stdin [53ms]
[2025-08-21T12:15:56.856Z] > git status -z -uall [2786ms]
[2025-08-21T12:16:00.912Z] > git check-ignore -v -z --stdin [11ms]
[2025-08-21T12:16:02.410Z] > git check-ignore -v -z --stdin [5ms]
[2025-08-21T12:16:02.945Z] > git check-ignore -v -z --stdin [5ms]
[2025-08-21T12:16:06.914Z] > git check-ignore -v -z --stdin [10ms]
[2025-08-21T12:16:10.999Z] > git check-ignore -v -z --stdin [30ms]
[2025-08-21T12:16:11.976Z] > git show --textconv :kernel_platform/common/drivers/Makefile [4ms]
[2025-08-21T12:16:11.978Z] > git ls-files --stage -- /root/Desktop/kernel_workspace/kernel_platform/common/drivers/Makefile [3ms]
[2025-08-21T12:16:14.024Z] > git show --textconv :kernel_platform/common/drivers/Kconfig [3ms]
[2025-08-21T12:16:14.025Z] > git ls-files --stage -- /root/Desktop/kernel_workspace/kernel_platform/common/drivers/Kconfig [2ms]
[2025-08-21T12:16:15.762Z] > git show --textconv :kernel_platform/common/drivers/Makefile [2ms]
[2025-08-21T12:16:15.765Z] > git ls-files --stage -- /root/Desktop/kernel_workspace/kernel_platform/common/drivers/Makefile [3ms]
[2025-08-21T12:17:52.502Z] > git show --textconv :kernel_platform/common/drivers/Kconfig [2ms]
[2025-08-21T12:17:52.504Z] > git ls-files --stage -- /root/Desktop/kernel_workspace/kernel_platform/common/drivers/Kconfig [2ms]
[2025-08-21T12:17:59.567Z] > git show --textconv :kernel_platform/common/drivers/Makefile [3ms]
[2025-08-21T12:17:59.569Z] > git ls-files --stage -- /root/Desktop/kernel_workspace/kernel_platform/common/drivers/Makefile [2ms]
[2025-08-21T12:18:07.369Z] > git show --textconv :kernel_platform/common/drivers/Kconfig [3ms]
[2025-08-21T12:18:07.372Z] > git ls-files --stage -- /root/Desktop/kernel_workspace/kernel_platform/common/drivers/Kconfig [4ms]
[2025-08-21T12:18:09.816Z] > git show --textconv :kernel_platform/common/drivers/Makefile [2ms]
[2025-08-21T12:18:09.818Z] > git ls-files --stage -- /root/Desktop/kernel_workspace/kernel_platform/common/drivers/Makefile [2ms]
[2025-08-21T12:18:13.450Z] > git check-ignore -v -z --stdin [11ms]
[2025-08-21T12:18:14.192Z] > git check-ignore -v -z --stdin [7ms]
[2025-08-21T12:18:14.857Z] > git check-ignore -v -z --stdin [9ms]
[2025-08-21T12:18:15.988Z] > git check-ignore -v -z --stdin [27ms]
[2025-08-21T12:18:16.547Z] > git check-ignore -v -z --stdin [6ms]
[2025-08-21T12:18:19.628Z] > git check-ignore -v -z --stdin [7ms]
[2025-08-21T12:18:20.897Z] > git check-ignore -v -z --stdin [6ms]
[2025-08-21T12:18:21.845Z] > git check-ignore -v -z --stdin [8ms]
[2025-08-21T12:18:31.468Z] > git check-ignore -v -z --stdin [9ms]
[2025-08-21T12:18:32.955Z] > git ls-files --stage -- /root/Desktop/kernel_workspace/kernel_platform/common/drivers/rwProcMem_module/Makefile [2ms]
[2025-08-21T12:18:32.962Z] > git show --textconv :kernel_platform/common/drivers/rwProcMem_module/Makefile [12ms]
[2025-08-21T12:18:32.984Z] > git show --textconv :kernel_platform/common/drivers/rwProcMem_module/Makefile [4ms]
[2025-08-21T12:18:32.986Z] > git ls-files --stage -- /root/Desktop/kernel_workspace/kernel_platform/common/drivers/rwProcMem_module/Makefile [3ms]
[2025-08-21T12:18:48.906Z] > git check-ignore -v -z --stdin [5ms]
[2025-08-21T12:18:49.845Z] > git check-ignore -v -z --stdin [7ms]
[2025-08-21T12:19:04.560Z] > git check-ignore -v -z --stdin [11ms]
[2025-08-21T12:19:09.009Z] > git check-ignore -v -z --stdin [3ms]
[2025-08-21T12:19:18.920Z] > git show --textconv :kernel_platform/common/drivers/Makefile [5ms]
[2025-08-21T12:19:18.922Z] > git ls-files --stage -- /root/Desktop/kernel_workspace/kernel_platform/common/drivers/Makefile [3ms]
[2025-08-21T12:19:41.901Z] > git check-ignore -v -z --stdin [8ms]
[2025-08-21T12:19:46.168Z] > git check-ignore -v -z --stdin [9ms]
[2025-08-21T12:19:47.697Z] > git show --textconv :kernel_platform/common/Makefile [3ms]
[2025-08-21T12:19:47.700Z] > git ls-files --stage -- /root/Desktop/kernel_workspace/kernel_platform/common/Makefile [3ms]
[2025-08-21T12:19:59.082Z] > git check-ignore -v -z --stdin [6ms]
[2025-08-21T12:20:01.068Z] > git show --textconv :kernel_platform/msm-kernel/arch/arm64/kernel/vdso32/Makefile [11ms]
[2025-08-21T12:20:01.071Z] > git ls-files --stage -- /root/Desktop/kernel_workspace/kernel_platform/msm-kernel/arch/arm64/kernel/vdso32/Makefile [4ms]
[2025-08-21T12:20:01.348Z] > git check-ignore -v -z --stdin [7ms]
[2025-08-21T12:20:02.776Z] > git check-ignore -v -z --stdin [7ms]
[2025-08-21T12:20:05.298Z] > git show --textconv :kernel_platform/.source_date_epoch_dir/drivers/gpu/drm/i915/Makefile [3ms]
[2025-08-21T12:20:05.301Z] > git ls-files --stage -- /root/Desktop/kernel_workspace/kernel_platform/.source_date_epoch_dir/drivers/gpu/drm/i915/Makefile [3ms]
[2025-08-21T12:20:05.585Z] > git check-ignore -v -z --stdin [3ms]
[2025-08-21T12:20:07.846Z] > git check-ignore -v -z --stdin [7ms]
[2025-08-21T12:20:21.646Z] > git show --textconv :kernel_platform/common/drivers/Makefile [3ms]
[2025-08-21T12:20:21.648Z] > git ls-files --stage -- /root/Desktop/kernel_workspace/kernel_platform/common/drivers/Makefile [2ms]
[2025-08-21T12:20:24.971Z] > git show --textconv :kernel_platform/common/drivers/Makefile [3ms]
[2025-08-21T12:20:24.972Z] > git ls-files --stage -- /root/Desktop/kernel_workspace/kernel_platform/common/drivers/Makefile [2ms]
[2025-08-21T12:20:34.196Z] > git check-ignore -v -z --stdin [3ms]
[2025-08-21T12:20:39.214Z] > git check-ignore -v -z --stdin [2ms]
[2025-08-21T12:20:40.433Z] > git check-ignore -v -z --stdin [3ms]
[2025-08-21T12:20:59.481Z] > git show --textconv :kernel_platform/common/drivers/rwProcMem_module/Makefile [2ms]
[2025-08-21T12:20:59.483Z] > git ls-files --stage -- /root/Desktop/kernel_workspace/kernel_platform/common/drivers/rwProcMem_module/Makefile [2ms]
[2025-08-21T12:20:59.507Z] > git show --textconv :kernel_platform/common/drivers/rwProcMem_module/Makefile [5ms]
[2025-08-21T12:20:59.509Z] > git ls-files --stage -- /root/Desktop/kernel_workspace/kernel_platform/common/drivers/rwProcMem_module/Makefile [3ms]
[2025-08-21T12:21:03.931Z] > git show --textconv :kernel_platform/common/drivers/Makefile [3ms]
[2025-08-21T12:21:03.933Z] > git ls-files --stage -- /root/Desktop/kernel_workspace/kernel_platform/common/drivers/Makefile [3ms]
[2025-08-21T12:21:15.639Z] > git show --textconv :kernel_platform/common/drivers/Makefile [4ms]
[2025-08-21T12:21:15.641Z] > git ls-files --stage -- /root/Desktop/kernel_workspace/kernel_platform/common/drivers/Makefile [3ms]
[2025-08-21T12:21:30.332Z] > git show --textconv :kernel_platform/common/modules.bzl [3ms]
[2025-08-21T12:21:30.334Z] > git ls-files --stage -- /root/Desktop/kernel_workspace/kernel_platform/common/modules.bzl [2ms]
[2025-08-21T12:21:31.337Z] > git show --textconv :kernel_platform/common/Makefile [8ms]
[2025-08-21T12:21:31.339Z] > git ls-files --stage -- /root/Desktop/kernel_workspace/kernel_platform/common/Makefile [5ms]
[2025-08-21T14:25:11.207Z] > git show --textconv :kernel_platform/common/Makefile [5ms]
[2025-08-21T14:25:11.208Z] > git ls-files --stage -- /root/Desktop/kernel_workspace/kernel_platform/common/Makefile [3ms]
[2025-08-21T14:25:24.398Z] > git show --textconv :kernel_platform/common/drivers/Kconfig [2ms]
[2025-08-21T14:25:24.400Z] > git ls-files --stage -- /root/Desktop/kernel_workspace/kernel_platform/common/drivers/Kconfig [2ms]
[2025-08-21T14:25:25.132Z] > git show --textconv :kernel_platform/common/drivers/Makefile [3ms]
[2025-08-21T14:25:25.134Z] > git ls-files --stage -- /root/Desktop/kernel_workspace/kernel_platform/common/drivers/Makefile [2ms]
[2025-08-21T14:37:31.929Z] > git show --textconv :kernel_platform/common/drivers/Makefile [3ms]
[2025-08-21T14:37:31.930Z] > git ls-files --stage -- /root/Desktop/kernel_workspace/kernel_platform/common/drivers/Makefile [2ms]
