[2025-08-21T12:07:03.908Z] Log level: Info
[2025-08-21T12:07:03.910Z] [info] Validating found git in: git
[2025-08-21T12:07:03.918Z] [info] Using git  from git
[2025-08-21T12:07:03.926Z] > git rev-parse --show-toplevel [3ms]
[2025-08-21T12:07:03.931Z] > git rev-parse --git-dir --git-common-dir [1ms]
[2025-08-21T12:07:03.935Z] [info] Open repository: /root/Desktop/kernel_workspace/kernel_platform/rwProcMem33
[2025-08-21T12:07:03.957Z] > git status -z -uall [17ms]
[2025-08-21T12:07:03.961Z] > git symbolic-ref --short HEAD [1ms]
[2025-08-21T12:07:03.964Z] > git for-each-ref --format=%(refname)%00%(upstream:short)%00%(objectname)%00%(upstream:track)%00%(upstream:remotename)%00%(upstream:remoteref) refs/heads/master refs/remotes/master [1ms]
[2025-08-21T12:07:03.969Z] > git for-each-ref --sort -committerdate --format %(refname) %(objectname) %(*objectname) [3ms]
[2025-08-21T12:07:03.969Z] > git remote --verbose [1ms]
[2025-08-21T12:07:03.980Z] > git config --get commit.template [1ms]
[2025-08-21T12:07:04.004Z] > git status -z -uall [19ms]
[2025-08-21T12:07:04.009Z] > git symbolic-ref --short HEAD [1ms]
[2025-08-21T12:07:04.013Z] > git for-each-ref --format=%(refname)%00%(upstream:short)%00%(objectname)%00%(upstream:track)%00%(upstream:remotename)%00%(upstream:remoteref) refs/heads/master refs/remotes/master [1ms]
[2025-08-21T12:07:04.018Z] > git for-each-ref --sort -committerdate --format %(refname) %(objectname) %(*objectname) [3ms]
[2025-08-21T12:07:04.021Z] > git remote --verbose [4ms]
[2025-08-21T12:07:04.028Z] > git config --get commit.template [1ms]
[2025-08-21T12:07:04.455Z] > git check-ignore -v -z --stdin [11ms]
[2025-08-21T12:07:04.921Z] > git show --textconv :rwProcMem33Module/rwProcMem_module/ver_control.h [2ms]
[2025-08-21T12:07:04.922Z] > git ls-files --stage -- /root/Desktop/kernel_workspace/kernel_platform/rwProcMem33/rwProcMem33Module/rwProcMem_module/ver_control.h [1ms]
[2025-08-21T12:07:04.930Z] > git cat-file -s 876fe75f12c1ff1befda350a8293a458050761f6 [3ms]
[2025-08-21T12:07:07.876Z] > git status -z -uall [15ms]
[2025-08-21T12:07:07.879Z] > git symbolic-ref --short HEAD [1ms]
[2025-08-21T12:07:07.882Z] > git for-each-ref --format=%(refname)%00%(upstream:short)%00%(objectname)%00%(upstream:track)%00%(upstream:remotename)%00%(upstream:remoteref) refs/heads/master refs/remotes/master [1ms]
[2025-08-21T12:07:07.885Z] > git for-each-ref --sort -committerdate --format %(refname) %(objectname) %(*objectname) [2ms]
[2025-08-21T12:07:07.886Z] > git remote --verbose [1ms]
[2025-08-21T12:07:07.892Z] > git config --get commit.template [1ms]
[2025-08-21T12:07:12.911Z] > git status -z -uall [15ms]
[2025-08-21T12:07:12.914Z] > git symbolic-ref --short HEAD [1ms]
[2025-08-21T12:07:12.916Z] > git for-each-ref --format=%(refname)%00%(upstream:short)%00%(objectname)%00%(upstream:track)%00%(upstream:remotename)%00%(upstream:remoteref) refs/heads/master refs/remotes/master [0ms]
[2025-08-21T12:07:12.920Z] > git for-each-ref --sort -committerdate --format %(refname) %(objectname) %(*objectname) [2ms]
[2025-08-21T12:07:12.920Z] > git remote --verbose [0ms]
[2025-08-21T12:07:12.927Z] > git config --get commit.template [0ms]
[2025-08-21T12:07:17.948Z] > git status -z -uall [16ms]
[2025-08-21T12:07:17.951Z] > git symbolic-ref --short HEAD [0ms]
[2025-08-21T12:07:17.954Z] > git for-each-ref --format=%(refname)%00%(upstream:short)%00%(objectname)%00%(upstream:track)%00%(upstream:remotename)%00%(upstream:remoteref) refs/heads/master refs/remotes/master [0ms]
[2025-08-21T12:07:17.959Z] > git for-each-ref --sort -committerdate --format %(refname) %(objectname) %(*objectname) [3ms]
[2025-08-21T12:07:17.959Z] > git remote --verbose [1ms]
[2025-08-21T12:07:17.966Z] > git config --get commit.template [0ms]
[2025-08-21T12:07:22.985Z] > git status -z -uall [15ms]
[2025-08-21T12:07:22.989Z] > git symbolic-ref --short HEAD [1ms]
[2025-08-21T12:07:22.993Z] > git for-each-ref --format=%(refname)%00%(upstream:short)%00%(objectname)%00%(upstream:track)%00%(upstream:remotename)%00%(upstream:remoteref) refs/heads/master refs/remotes/master [1ms]
[2025-08-21T12:07:22.998Z] > git for-each-ref --sort -committerdate --format %(refname) %(objectname) %(*objectname) [3ms]
[2025-08-21T12:07:22.998Z] > git remote --verbose [1ms]
[2025-08-21T12:07:23.008Z] > git config --get commit.template [1ms]
[2025-08-21T12:07:28.027Z] > git status -z -uall [15ms]
[2025-08-21T12:07:28.030Z] > git symbolic-ref --short HEAD [1ms]
[2025-08-21T12:07:28.032Z] > git for-each-ref --format=%(refname)%00%(upstream:short)%00%(objectname)%00%(upstream:track)%00%(upstream:remotename)%00%(upstream:remoteref) refs/heads/master refs/remotes/master [0ms]
[2025-08-21T12:07:28.036Z] > git for-each-ref --sort -committerdate --format %(refname) %(objectname) %(*objectname) [2ms]
[2025-08-21T12:07:28.036Z] > git remote --verbose [1ms]
[2025-08-21T12:07:28.042Z] > git config --get commit.template [0ms]
[2025-08-21T12:07:33.062Z] > git status -z -uall [15ms]
[2025-08-21T12:07:33.065Z] > git symbolic-ref --short HEAD [1ms]
[2025-08-21T12:07:33.067Z] > git for-each-ref --format=%(refname)%00%(upstream:short)%00%(objectname)%00%(upstream:track)%00%(upstream:remotename)%00%(upstream:remoteref) refs/heads/master refs/remotes/master [0ms]
[2025-08-21T12:07:33.071Z] > git for-each-ref --sort -committerdate --format %(refname) %(objectname) %(*objectname) [2ms]
[2025-08-21T12:07:33.071Z] > git remote --verbose [1ms]
[2025-08-21T12:07:33.077Z] > git config --get commit.template [1ms]
[2025-08-21T12:07:38.095Z] > git status -z -uall [14ms]
[2025-08-21T12:07:38.098Z] > git symbolic-ref --short HEAD [0ms]
[2025-08-21T12:07:38.101Z] > git for-each-ref --format=%(refname)%00%(upstream:short)%00%(objectname)%00%(upstream:track)%00%(upstream:remotename)%00%(upstream:remoteref) refs/heads/master refs/remotes/master [1ms]
[2025-08-21T12:07:38.105Z] > git for-each-ref --sort -committerdate --format %(refname) %(objectname) %(*objectname) [2ms]
[2025-08-21T12:07:38.105Z] > git remote --verbose [1ms]
[2025-08-21T12:07:38.111Z] > git config --get commit.template [1ms]
[2025-08-21T12:07:43.132Z] > git status -z -uall [17ms]
[2025-08-21T12:07:43.136Z] > git symbolic-ref --short HEAD [0ms]
[2025-08-21T12:07:43.140Z] > git for-each-ref --format=%(refname)%00%(upstream:short)%00%(objectname)%00%(upstream:track)%00%(upstream:remotename)%00%(upstream:remoteref) refs/heads/master refs/remotes/master [1ms]
[2025-08-21T12:07:43.146Z] > git for-each-ref --sort -committerdate --format %(refname) %(objectname) %(*objectname) [3ms]
[2025-08-21T12:07:43.147Z] > git remote --verbose [1ms]
[2025-08-21T12:07:43.155Z] > git config --get commit.template [0ms]
[2025-08-21T12:07:48.175Z] > git status -z -uall [15ms]
[2025-08-21T12:07:48.178Z] > git symbolic-ref --short HEAD [1ms]
[2025-08-21T12:07:48.181Z] > git for-each-ref --format=%(refname)%00%(upstream:short)%00%(objectname)%00%(upstream:track)%00%(upstream:remotename)%00%(upstream:remoteref) refs/heads/master refs/remotes/master [1ms]
[2025-08-21T12:07:48.185Z] > git for-each-ref --sort -committerdate --format %(refname) %(objectname) %(*objectname) [3ms]
[2025-08-21T12:07:48.185Z] > git remote --verbose [1ms]
[2025-08-21T12:07:48.191Z] > git config --get commit.template [1ms]
[2025-08-21T12:07:53.209Z] > git status -z -uall [14ms]
[2025-08-21T12:07:53.213Z] > git symbolic-ref --short HEAD [1ms]
[2025-08-21T12:07:53.215Z] > git for-each-ref --format=%(refname)%00%(upstream:short)%00%(objectname)%00%(upstream:track)%00%(upstream:remotename)%00%(upstream:remoteref) refs/heads/master refs/remotes/master [0ms]
[2025-08-21T12:07:53.219Z] > git for-each-ref --sort -committerdate --format %(refname) %(objectname) %(*objectname) [2ms]
[2025-08-21T12:07:53.219Z] > git remote --verbose [0ms]
[2025-08-21T12:07:53.230Z] > git config --get commit.template [5ms]
[2025-08-21T12:07:58.250Z] > git status -z -uall [15ms]
[2025-08-21T12:07:58.253Z] > git symbolic-ref --short HEAD [1ms]
[2025-08-21T12:07:58.255Z] > git for-each-ref --format=%(refname)%00%(upstream:short)%00%(objectname)%00%(upstream:track)%00%(upstream:remotename)%00%(upstream:remoteref) refs/heads/master refs/remotes/master [1ms]
[2025-08-21T12:07:58.259Z] > git for-each-ref --sort -committerdate --format %(refname) %(objectname) %(*objectname) [2ms]
[2025-08-21T12:07:58.260Z] > git remote --verbose [1ms]
[2025-08-21T12:07:58.266Z] > git config --get commit.template [1ms]
[2025-08-21T12:08:03.285Z] > git status -z -uall [15ms]
[2025-08-21T12:08:03.289Z] > git symbolic-ref --short HEAD [1ms]
[2025-08-21T12:08:03.291Z] > git for-each-ref --format=%(refname)%00%(upstream:short)%00%(objectname)%00%(upstream:track)%00%(upstream:remotename)%00%(upstream:remoteref) refs/heads/master refs/remotes/master [0ms]
[2025-08-21T12:08:03.295Z] > git for-each-ref --sort -committerdate --format %(refname) %(objectname) %(*objectname) [2ms]
[2025-08-21T12:08:03.295Z] > git remote --verbose [0ms]
[2025-08-21T12:08:03.300Z] > git config --get commit.template [0ms]
[2025-08-21T12:08:08.319Z] > git status -z -uall [14ms]
[2025-08-21T12:08:08.322Z] > git symbolic-ref --short HEAD [0ms]
[2025-08-21T12:08:08.325Z] > git for-each-ref --format=%(refname)%00%(upstream:short)%00%(objectname)%00%(upstream:track)%00%(upstream:remotename)%00%(upstream:remoteref) refs/heads/master refs/remotes/master [1ms]
[2025-08-21T12:08:08.328Z] > git for-each-ref --sort -committerdate --format %(refname) %(objectname) %(*objectname) [2ms]
[2025-08-21T12:08:08.328Z] > git remote --verbose [0ms]
[2025-08-21T12:08:08.335Z] > git config --get commit.template [1ms]
[2025-08-21T12:08:13.353Z] > git status -z -uall [15ms]
[2025-08-21T12:08:13.356Z] > git symbolic-ref --short HEAD [0ms]
[2025-08-21T12:08:13.359Z] > git for-each-ref --format=%(refname)%00%(upstream:short)%00%(objectname)%00%(upstream:track)%00%(upstream:remotename)%00%(upstream:remoteref) refs/heads/master refs/remotes/master [1ms]
[2025-08-21T12:08:13.362Z] > git for-each-ref --sort -committerdate --format %(refname) %(objectname) %(*objectname) [2ms]
[2025-08-21T12:08:13.362Z] > git remote --verbose [0ms]
[2025-08-21T12:08:13.368Z] > git config --get commit.template [1ms]
[2025-08-21T12:08:18.386Z] > git status -z -uall [15ms]
[2025-08-21T12:08:18.389Z] > git symbolic-ref --short HEAD [1ms]
[2025-08-21T12:08:18.391Z] > git for-each-ref --format=%(refname)%00%(upstream:short)%00%(objectname)%00%(upstream:track)%00%(upstream:remotename)%00%(upstream:remoteref) refs/heads/master refs/remotes/master [0ms]
[2025-08-21T12:08:18.395Z] > git for-each-ref --sort -committerdate --format %(refname) %(objectname) %(*objectname) [2ms]
[2025-08-21T12:08:18.395Z] > git remote --verbose [0ms]
[2025-08-21T12:08:18.401Z] > git config --get commit.template [1ms]
[2025-08-21T12:08:23.420Z] > git status -z -uall [14ms]
[2025-08-21T12:08:23.424Z] > git symbolic-ref --short HEAD [1ms]
[2025-08-21T12:08:23.426Z] > git for-each-ref --format=%(refname)%00%(upstream:short)%00%(objectname)%00%(upstream:track)%00%(upstream:remotename)%00%(upstream:remoteref) refs/heads/master refs/remotes/master [0ms]
[2025-08-21T12:08:23.431Z] > git for-each-ref --sort -committerdate --format %(refname) %(objectname) %(*objectname) [3ms]
[2025-08-21T12:08:23.431Z] > git remote --verbose [1ms]
[2025-08-21T12:08:23.436Z] > git config --get commit.template [1ms]
[2025-08-21T12:08:28.454Z] > git status -z -uall [14ms]
[2025-08-21T12:08:28.458Z] > git symbolic-ref --short HEAD [1ms]
[2025-08-21T12:08:28.461Z] > git for-each-ref --format=%(refname)%00%(upstream:short)%00%(objectname)%00%(upstream:track)%00%(upstream:remotename)%00%(upstream:remoteref) refs/heads/master refs/remotes/master [1ms]
[2025-08-21T12:08:28.465Z] > git for-each-ref --sort -committerdate --format %(refname) %(objectname) %(*objectname) [2ms]
[2025-08-21T12:08:28.465Z] > git remote --verbose [1ms]
[2025-08-21T12:08:28.470Z] > git config --get commit.template [0ms]
[2025-08-21T12:08:33.489Z] > git status -z -uall [15ms]
[2025-08-21T12:08:33.492Z] > git symbolic-ref --short HEAD [1ms]
[2025-08-21T12:08:33.494Z] > git for-each-ref --format=%(refname)%00%(upstream:short)%00%(objectname)%00%(upstream:track)%00%(upstream:remotename)%00%(upstream:remoteref) refs/heads/master refs/remotes/master [1ms]
[2025-08-21T12:08:33.498Z] > git for-each-ref --sort -committerdate --format %(refname) %(objectname) %(*objectname) [2ms]
[2025-08-21T12:08:33.498Z] > git remote --verbose [0ms]
[2025-08-21T12:08:33.504Z] > git config --get commit.template [0ms]
[2025-08-21T12:09:12.221Z] > git status -z -uall [15ms]
[2025-08-21T12:09:12.224Z] > git symbolic-ref --short HEAD [1ms]
[2025-08-21T12:09:12.227Z] > git for-each-ref --format=%(refname)%00%(upstream:short)%00%(objectname)%00%(upstream:track)%00%(upstream:remotename)%00%(upstream:remoteref) refs/heads/master refs/remotes/master [1ms]
[2025-08-21T12:09:12.232Z] > git for-each-ref --sort -committerdate --format %(refname) %(objectname) %(*objectname) [2ms]
[2025-08-21T12:09:12.232Z] > git remote --verbose [1ms]
[2025-08-21T12:09:12.240Z] > git config --get commit.template [0ms]
[2025-08-21T12:09:13.434Z] > git show --textconv :rwProcMem33Module/rwProcMem_module/test.h [2ms]
[2025-08-21T12:09:13.435Z] > git ls-files --stage -- /root/Desktop/kernel_workspace/kernel_platform/rwProcMem33/rwProcMem33Module/rwProcMem_module/test.h [1ms]
[2025-08-21T12:09:13.438Z] > git cat-file -s d8cca03800ffe26f42f0793f052738da7996eb80 [1ms]
[2025-08-21T12:09:16.735Z] > git show --textconv :rwProcMem33Module/rwProcMem_module/ver_control.h [3ms]
[2025-08-21T12:09:16.735Z] > git ls-files --stage -- /root/Desktop/kernel_workspace/kernel_platform/rwProcMem33/rwProcMem33Module/rwProcMem_module/ver_control.h [1ms]
[2025-08-21T12:09:16.737Z] > git cat-file -s 876fe75f12c1ff1befda350a8293a458050761f6 [0ms]
[2025-08-21T12:09:17.259Z] > git status -z -uall [14ms]
[2025-08-21T12:09:17.263Z] > git symbolic-ref --short HEAD [1ms]
[2025-08-21T12:09:17.265Z] > git for-each-ref --format=%(refname)%00%(upstream:short)%00%(objectname)%00%(upstream:track)%00%(upstream:remotename)%00%(upstream:remoteref) refs/heads/master refs/remotes/master [1ms]
[2025-08-21T12:09:17.270Z] > git for-each-ref --sort -committerdate --format %(refname) %(objectname) %(*objectname) [3ms]
[2025-08-21T12:09:17.270Z] > git remote --verbose [1ms]
[2025-08-21T12:09:17.281Z] > git config --get commit.template [1ms]
[2025-08-21T12:09:17.609Z] > git show --textconv :rwProcMem33Module/rwProcMem_module/rwProcMem_module.h [3ms]
[2025-08-21T12:09:17.610Z] > git ls-files --stage -- /root/Desktop/kernel_workspace/kernel_platform/rwProcMem33/rwProcMem33Module/rwProcMem_module/rwProcMem_module.h [2ms]
[2025-08-21T12:09:17.613Z] > git cat-file -s 960a590b4e8cadd6a4a89c33eb2f7599933cfaf0 [1ms]
[2025-08-21T12:09:22.299Z] > git status -z -uall [14ms]
[2025-08-21T12:09:22.302Z] > git symbolic-ref --short HEAD [0ms]
[2025-08-21T12:09:22.305Z] > git for-each-ref --format=%(refname)%00%(upstream:short)%00%(objectname)%00%(upstream:track)%00%(upstream:remotename)%00%(upstream:remoteref) refs/heads/master refs/remotes/master [1ms]
[2025-08-21T12:09:22.308Z] > git for-each-ref --sort -committerdate --format %(refname) %(objectname) %(*objectname) [2ms]
[2025-08-21T12:09:22.308Z] > git remote --verbose [0ms]
[2025-08-21T12:09:22.314Z] > git config --get commit.template [0ms]
[2025-08-21T12:09:23.671Z] > git show --textconv :rwProcMem33Module/rwProcMem_module/ver_control.h [2ms]
[2025-08-21T12:09:23.672Z] > git ls-files --stage -- /root/Desktop/kernel_workspace/kernel_platform/rwProcMem33/rwProcMem33Module/rwProcMem_module/ver_control.h [1ms]
[2025-08-21T12:09:23.674Z] > git cat-file -s 876fe75f12c1ff1befda350a8293a458050761f6 [0ms]
[2025-08-21T12:09:24.751Z] > git show --textconv :rwProcMem33Module/rwProcMem_module/rwProcMem_module.c [2ms]
[2025-08-21T12:09:24.752Z] > git ls-files --stage -- /root/Desktop/kernel_workspace/kernel_platform/rwProcMem33/rwProcMem33Module/rwProcMem_module/rwProcMem_module.c [1ms]
[2025-08-21T12:09:24.754Z] > git cat-file -s c36cdba2febecfd71e28ebf9443195726ee3713e [1ms]
[2025-08-21T12:09:27.332Z] > git status -z -uall [14ms]
[2025-08-21T12:09:27.336Z] > git symbolic-ref --short HEAD [1ms]
[2025-08-21T12:09:27.338Z] > git for-each-ref --format=%(refname)%00%(upstream:short)%00%(objectname)%00%(upstream:track)%00%(upstream:remotename)%00%(upstream:remoteref) refs/heads/master refs/remotes/master [0ms]
[2025-08-21T12:09:27.342Z] > git for-each-ref --sort -committerdate --format %(refname) %(objectname) %(*objectname) [2ms]
[2025-08-21T12:09:27.342Z] > git remote --verbose [0ms]
[2025-08-21T12:09:27.349Z] > git config --get commit.template [1ms]
[2025-08-21T12:09:27.682Z] > git show --textconv :rwProcMem33Module/rwProcMem_module/ver_control.h [2ms]
[2025-08-21T12:09:27.682Z] > git ls-files --stage -- /root/Desktop/kernel_workspace/kernel_platform/rwProcMem33/rwProcMem33Module/rwProcMem_module/ver_control.h [0ms]
[2025-08-21T12:09:27.685Z] > git cat-file -s 876fe75f12c1ff1befda350a8293a458050761f6 [1ms]
[2025-08-21T12:09:28.900Z] > git show --textconv :rwProcMem33Module/rwProcMem_module/proc_maps.h [2ms]
[2025-08-21T12:09:28.901Z] > git ls-files --stage -- /root/Desktop/kernel_workspace/kernel_platform/rwProcMem33/rwProcMem33Module/rwProcMem_module/proc_maps.h [1ms]
[2025-08-21T12:09:28.904Z] > git cat-file -s 48ac29d41e9e2b97bba42e0c32926d662fc2a3a0 [1ms]
[2025-08-21T12:09:31.688Z] > git show --textconv :rwProcMem33Module/rwProcMem_module/proc_maps_auto_offset.h [2ms]
[2025-08-21T12:09:31.688Z] > git ls-files --stage -- /root/Desktop/kernel_workspace/kernel_platform/rwProcMem33/rwProcMem33Module/rwProcMem_module/proc_maps_auto_offset.h [0ms]
[2025-08-21T12:09:31.691Z] > git cat-file -s 90b55f2cb12783dcd3c677fa9eccfd5651a45d0e [1ms]
[2025-08-21T12:09:32.368Z] > git status -z -uall [15ms]
[2025-08-21T12:09:32.372Z] > git symbolic-ref --short HEAD [1ms]
[2025-08-21T12:09:32.375Z] > git for-each-ref --format=%(refname)%00%(upstream:short)%00%(objectname)%00%(upstream:track)%00%(upstream:remotename)%00%(upstream:remoteref) refs/heads/master refs/remotes/master [1ms]
[2025-08-21T12:09:32.383Z] > git show --textconv :rwProcMem33Module/rwProcMem_module/proc_root_auto_offset.h [2ms]
[2025-08-21T12:09:32.383Z] > git for-each-ref --sort -committerdate --format %(refname) %(objectname) %(*objectname) [6ms]
[2025-08-21T12:09:32.383Z] > git ls-files --stage -- /root/Desktop/kernel_workspace/kernel_platform/rwProcMem33/rwProcMem33Module/rwProcMem_module/proc_root_auto_offset.h [1ms]
[2025-08-21T12:09:32.385Z] > git remote --verbose [7ms]
[2025-08-21T12:09:32.391Z] > git cat-file -s efd2990fb5c4dc0057d922612d30cb91b1732836 [6ms]
[2025-08-21T12:09:32.394Z] > git config --get commit.template [4ms]
[2025-08-21T12:09:33.925Z] > git show --textconv :rwProcMem33Module/rwProcMem_module/proc_list.h [2ms]
[2025-08-21T12:09:33.925Z] > git ls-files --stage -- /root/Desktop/kernel_workspace/kernel_platform/rwProcMem33/rwProcMem33Module/rwProcMem_module/proc_list.h [0ms]
[2025-08-21T12:09:33.928Z] > git cat-file -s 88970164c5bc22bd4117a0f2bf9dc980d186a360 [0ms]
[2025-08-21T12:09:37.419Z] > git status -z -uall [18ms]
[2025-08-21T12:09:37.423Z] > git symbolic-ref --short HEAD [1ms]
[2025-08-21T12:09:37.426Z] > git for-each-ref --format=%(refname)%00%(upstream:short)%00%(objectname)%00%(upstream:track)%00%(upstream:remotename)%00%(upstream:remoteref) refs/heads/master refs/remotes/master [1ms]
[2025-08-21T12:09:37.432Z] > git for-each-ref --sort -committerdate --format %(refname) %(objectname) %(*objectname) [3ms]
[2025-08-21T12:09:37.432Z] > git remote --verbose [1ms]
[2025-08-21T12:09:37.439Z] > git config --get commit.template [2ms]
[2025-08-21T12:09:42.459Z] > git status -z -uall [16ms]
[2025-08-21T12:09:42.463Z] > git symbolic-ref --short HEAD [0ms]
[2025-08-21T12:09:42.466Z] > git for-each-ref --format=%(refname)%00%(upstream:short)%00%(objectname)%00%(upstream:track)%00%(upstream:remotename)%00%(upstream:remoteref) refs/heads/master refs/remotes/master [1ms]
[2025-08-21T12:09:42.470Z] > git for-each-ref --sort -committerdate --format %(refname) %(objectname) %(*objectname) [2ms]
[2025-08-21T12:09:42.470Z] > git remote --verbose [0ms]
[2025-08-21T12:09:42.476Z] > git config --get commit.template [1ms]
[2025-08-21T12:09:43.943Z] > git check-ignore -v -z --stdin [1ms]
[2025-08-21T12:09:47.494Z] > git status -z -uall [14ms]
[2025-08-21T12:09:47.498Z] > git symbolic-ref --short HEAD [0ms]
[2025-08-21T12:09:47.501Z] > git for-each-ref --format=%(refname)%00%(upstream:short)%00%(objectname)%00%(upstream:track)%00%(upstream:remotename)%00%(upstream:remoteref) refs/heads/master refs/remotes/master [1ms]
[2025-08-21T12:09:47.505Z] > git for-each-ref --sort -committerdate --format %(refname) %(objectname) %(*objectname) [2ms]
[2025-08-21T12:09:47.505Z] > git remote --verbose [1ms]
[2025-08-21T12:09:47.510Z] > git config --get commit.template [1ms]
[2025-08-21T12:09:52.527Z] > git status -z -uall [14ms]
[2025-08-21T12:09:52.530Z] > git symbolic-ref --short HEAD [0ms]
[2025-08-21T12:09:52.533Z] > git for-each-ref --format=%(refname)%00%(upstream:short)%00%(objectname)%00%(upstream:track)%00%(upstream:remotename)%00%(upstream:remoteref) refs/heads/master refs/remotes/master [1ms]
[2025-08-21T12:09:52.537Z] > git for-each-ref --sort -committerdate --format %(refname) %(objectname) %(*objectname) [2ms]
[2025-08-21T12:09:52.537Z] > git remote --verbose [1ms]
[2025-08-21T12:09:52.545Z] > git config --get commit.template [2ms]
[2025-08-21T12:09:57.564Z] > git status -z -uall [16ms]
[2025-08-21T12:09:57.568Z] > git symbolic-ref --short HEAD [0ms]
[2025-08-21T12:09:57.571Z] > git for-each-ref --format=%(refname)%00%(upstream:short)%00%(objectname)%00%(upstream:track)%00%(upstream:remotename)%00%(upstream:remoteref) refs/heads/master refs/remotes/master [1ms]
[2025-08-21T12:09:57.576Z] > git for-each-ref --sort -committerdate --format %(refname) %(objectname) %(*objectname) [3ms]
[2025-08-21T12:09:57.576Z] > git remote --verbose [1ms]
[2025-08-21T12:09:57.582Z] > git config --get commit.template [0ms]
[2025-08-21T12:10:00.268Z] > git check-ignore -v -z --stdin [0ms]
[2025-08-21T12:10:00.957Z] > git check-ignore -v -z --stdin [0ms]
[2025-08-21T12:10:02.600Z] > git status -z -uall [14ms]
[2025-08-21T12:10:02.604Z] > git symbolic-ref --short HEAD [1ms]
[2025-08-21T12:10:02.606Z] > git for-each-ref --format=%(refname)%00%(upstream:short)%00%(objectname)%00%(upstream:track)%00%(upstream:remotename)%00%(upstream:remoteref) refs/heads/master refs/remotes/master [1ms]
[2025-08-21T12:10:02.610Z] > git for-each-ref --sort -committerdate --format %(refname) %(objectname) %(*objectname) [2ms]
[2025-08-21T12:10:02.611Z] > git remote --verbose [1ms]
[2025-08-21T12:10:02.616Z] > git config --get commit.template [0ms]
[2025-08-21T12:10:07.634Z] > git status -z -uall [15ms]
[2025-08-21T12:10:07.638Z] > git symbolic-ref --short HEAD [1ms]
[2025-08-21T12:10:07.641Z] > git for-each-ref --format=%(refname)%00%(upstream:short)%00%(objectname)%00%(upstream:track)%00%(upstream:remotename)%00%(upstream:remoteref) refs/heads/master refs/remotes/master [1ms]
[2025-08-21T12:10:07.644Z] > git for-each-ref --sort -committerdate --format %(refname) %(objectname) %(*objectname) [2ms]
[2025-08-21T12:10:07.645Z] > git remote --verbose [1ms]
[2025-08-21T12:10:07.650Z] > git config --get commit.template [1ms]
[2025-08-21T12:10:11.846Z] > git show --textconv :rwProcMem33Module/rwProcMem_module/rwProcMem_module.c [2ms]
[2025-08-21T12:10:11.847Z] > git ls-files --stage -- /root/Desktop/kernel_workspace/kernel_platform/rwProcMem33/rwProcMem33Module/rwProcMem_module/rwProcMem_module.c [1ms]
[2025-08-21T12:10:11.849Z] > git cat-file -s c36cdba2febecfd71e28ebf9443195726ee3713e [0ms]
[2025-08-21T12:10:12.668Z] > git status -z -uall [14ms]
[2025-08-21T12:10:12.672Z] > git symbolic-ref --short HEAD [1ms]
[2025-08-21T12:10:12.674Z] > git for-each-ref --format=%(refname)%00%(upstream:short)%00%(objectname)%00%(upstream:track)%00%(upstream:remotename)%00%(upstream:remoteref) refs/heads/master refs/remotes/master [0ms]
[2025-08-21T12:10:12.678Z] > git for-each-ref --sort -committerdate --format %(refname) %(objectname) %(*objectname) [2ms]
[2025-08-21T12:10:12.678Z] > git remote --verbose [0ms]
[2025-08-21T12:10:12.685Z] > git config --get commit.template [1ms]
[2025-08-21T12:10:14.387Z] > git show --textconv :rwProcMem33Module/rwProcMem_module/rwProcMem_module.h [3ms]
[2025-08-21T12:10:14.387Z] > git ls-files --stage -- /root/Desktop/kernel_workspace/kernel_platform/rwProcMem33/rwProcMem33Module/rwProcMem_module/rwProcMem_module.h [1ms]
[2025-08-21T12:10:14.390Z] > git cat-file -s 960a590b4e8cadd6a4a89c33eb2f7599933cfaf0 [1ms]
[2025-08-21T12:10:17.171Z] > git show --textconv :rwProcMem33Module/rwProcMem_module/ver_control.h [3ms]
[2025-08-21T12:10:17.171Z] > git ls-files --stage -- /root/Desktop/kernel_workspace/kernel_platform/rwProcMem33/rwProcMem33Module/rwProcMem_module/ver_control.h [1ms]
[2025-08-21T12:10:17.173Z] > git cat-file -s 876fe75f12c1ff1befda350a8293a458050761f6 [0ms]
[2025-08-21T12:10:17.705Z] > git status -z -uall [15ms]
[2025-08-21T12:10:17.708Z] > git symbolic-ref --short HEAD [0ms]
[2025-08-21T12:10:17.710Z] > git for-each-ref --format=%(refname)%00%(upstream:short)%00%(objectname)%00%(upstream:track)%00%(upstream:remotename)%00%(upstream:remoteref) refs/heads/master refs/remotes/master [0ms]
[2025-08-21T12:10:17.714Z] > git for-each-ref --sort -committerdate --format %(refname) %(objectname) %(*objectname) [2ms]
[2025-08-21T12:10:17.714Z] > git remote --verbose [0ms]
[2025-08-21T12:10:17.719Z] > git config --get commit.template [0ms]
[2025-08-21T12:10:19.312Z] > git ls-files --stage -- /root/Desktop/kernel_workspace/kernel_platform/rwProcMem33/rwProcMem33Module/rwProcMem_module/=~/.vscode-root/User/History/3b65c18b/XDR0.h [1ms]
[2025-08-21T12:10:19.320Z] > git show --textconv :rwProcMem33Module/rwProcMem_module/=~/.vscode-root/User/History/3b65c18b/XDR0.h [10ms]
[2025-08-21T12:10:19.329Z] > git show --textconv :rwProcMem33Module/rwProcMem_module/=~/.vscode-root/User/History/3b65c18b/XDR0.h [2ms]
[2025-08-21T12:10:19.330Z] > git ls-files --stage -- /root/Desktop/kernel_workspace/kernel_platform/rwProcMem33/rwProcMem33Module/rwProcMem_module/=~/.vscode-root/User/History/3b65c18b/XDR0.h [1ms]
[2025-08-21T12:10:19.598Z] > git check-ignore -v -z --stdin [1ms]
[2025-08-21T12:10:22.739Z] > git status -z -uall [15ms]
[2025-08-21T12:10:22.742Z] > git symbolic-ref --short HEAD [1ms]
[2025-08-21T12:10:22.745Z] > git for-each-ref --format=%(refname)%00%(upstream:short)%00%(objectname)%00%(upstream:track)%00%(upstream:remotename)%00%(upstream:remoteref) refs/heads/master refs/remotes/master [1ms]
[2025-08-21T12:10:22.748Z] > git for-each-ref --sort -committerdate --format %(refname) %(objectname) %(*objectname) [2ms]
[2025-08-21T12:10:22.749Z] > git remote --verbose [1ms]
[2025-08-21T12:10:22.754Z] > git config --get commit.template [1ms]
[2025-08-21T12:10:24.475Z] > git show --textconv :rwProcMem33Module/rwProcMem_module/ver_control.h [2ms]
[2025-08-21T12:10:24.475Z] > git ls-files --stage -- /root/Desktop/kernel_workspace/kernel_platform/rwProcMem33/rwProcMem33Module/rwProcMem_module/ver_control.h [1ms]
[2025-08-21T12:10:24.477Z] > git cat-file -s 876fe75f12c1ff1befda350a8293a458050761f6 [0ms]
[2025-08-21T12:10:27.773Z] > git status -z -uall [15ms]
[2025-08-21T12:10:27.777Z] > git symbolic-ref --short HEAD [1ms]
[2025-08-21T12:10:27.779Z] > git for-each-ref --format=%(refname)%00%(upstream:short)%00%(objectname)%00%(upstream:track)%00%(upstream:remotename)%00%(upstream:remoteref) refs/heads/master refs/remotes/master [0ms]
[2025-08-21T12:10:27.783Z] > git for-each-ref --sort -committerdate --format %(refname) %(objectname) %(*objectname) [2ms]
[2025-08-21T12:10:27.783Z] > git remote --verbose [0ms]
[2025-08-21T12:10:27.788Z] > git config --get commit.template [0ms]
[2025-08-21T12:10:32.807Z] > git status -z -uall [15ms]
[2025-08-21T12:10:32.811Z] > git symbolic-ref --short HEAD [1ms]
[2025-08-21T12:10:32.813Z] > git for-each-ref --format=%(refname)%00%(upstream:short)%00%(objectname)%00%(upstream:track)%00%(upstream:remotename)%00%(upstream:remoteref) refs/heads/master refs/remotes/master [1ms]
[2025-08-21T12:10:32.817Z] > git for-each-ref --sort -committerdate --format %(refname) %(objectname) %(*objectname) [2ms]
[2025-08-21T12:10:32.818Z] > git remote --verbose [1ms]
[2025-08-21T12:10:32.823Z] > git config --get commit.template [1ms]
[2025-08-21T12:10:35.074Z] > git show --textconv :rwProcMem33Module/rwProcMem_module/test.h [2ms]
[2025-08-21T12:10:35.074Z] > git ls-files --stage -- /root/Desktop/kernel_workspace/kernel_platform/rwProcMem33/rwProcMem33Module/rwProcMem_module/test.h [0ms]
[2025-08-21T12:10:35.077Z] > git cat-file -s d8cca03800ffe26f42f0793f052738da7996eb80 [1ms]
[2025-08-21T12:10:37.841Z] > git status -z -uall [14ms]
[2025-08-21T12:10:37.845Z] > git symbolic-ref --short HEAD [1ms]
[2025-08-21T12:10:37.848Z] > git for-each-ref --format=%(refname)%00%(upstream:short)%00%(objectname)%00%(upstream:track)%00%(upstream:remotename)%00%(upstream:remoteref) refs/heads/master refs/remotes/master [1ms]
[2025-08-21T12:10:37.852Z] > git for-each-ref --sort -committerdate --format %(refname) %(objectname) %(*objectname) [3ms]
[2025-08-21T12:10:37.852Z] > git remote --verbose [1ms]
[2025-08-21T12:10:37.859Z] > git config --get commit.template [1ms]
[2025-08-21T12:10:40.586Z] > git show --textconv :rwProcMem33Module/rwProcMem_module/hide_procfs_dir.h [2ms]
[2025-08-21T12:10:40.587Z] > git ls-files --stage -- /root/Desktop/kernel_workspace/kernel_platform/rwProcMem33/rwProcMem33Module/rwProcMem_module/hide_procfs_dir.h [1ms]
[2025-08-21T12:10:40.589Z] > git cat-file -s e92c15f085ed3859e24c9631c4630edd20ee5ab9 [0ms]
[2025-08-21T12:10:42.877Z] > git status -z -uall [15ms]
[2025-08-21T12:10:42.881Z] > git symbolic-ref --short HEAD [1ms]
[2025-08-21T12:10:42.883Z] > git for-each-ref --format=%(refname)%00%(upstream:short)%00%(objectname)%00%(upstream:track)%00%(upstream:remotename)%00%(upstream:remoteref) refs/heads/master refs/remotes/master [0ms]
[2025-08-21T12:10:42.888Z] > git for-each-ref --sort -committerdate --format %(refname) %(objectname) %(*objectname) [3ms]
[2025-08-21T12:10:42.888Z] > git remote --verbose [1ms]
[2025-08-21T12:10:42.895Z] > git config --get commit.template [1ms]
[2025-08-21T12:10:47.913Z] > git status -z -uall [14ms]
[2025-08-21T12:10:47.917Z] > git symbolic-ref --short HEAD [1ms]
[2025-08-21T12:10:47.919Z] > git for-each-ref --format=%(refname)%00%(upstream:short)%00%(objectname)%00%(upstream:track)%00%(upstream:remotename)%00%(upstream:remoteref) refs/heads/master refs/remotes/master [0ms]
[2025-08-21T12:10:47.923Z] > git remote --verbose [0ms]
[2025-08-21T12:10:47.923Z] > git for-each-ref --sort -committerdate --format %(refname) %(objectname) %(*objectname) [2ms]
[2025-08-21T12:10:47.931Z] > git config --get commit.template [2ms]
[2025-08-21T12:10:52.949Z] > git status -z -uall [14ms]
[2025-08-21T12:10:52.952Z] > git symbolic-ref --short HEAD [1ms]
[2025-08-21T12:10:52.954Z] > git for-each-ref --format=%(refname)%00%(upstream:short)%00%(objectname)%00%(upstream:track)%00%(upstream:remotename)%00%(upstream:remoteref) refs/heads/master refs/remotes/master [0ms]
[2025-08-21T12:10:52.958Z] > git for-each-ref --sort -committerdate --format %(refname) %(objectname) %(*objectname) [2ms]
[2025-08-21T12:10:52.958Z] > git remote --verbose [0ms]
[2025-08-21T12:10:52.964Z] > git config --get commit.template [1ms]
[2025-08-21T12:10:57.982Z] > git status -z -uall [15ms]
[2025-08-21T12:10:57.985Z] > git symbolic-ref --short HEAD [0ms]
[2025-08-21T12:10:57.988Z] > git for-each-ref --format=%(refname)%00%(upstream:short)%00%(objectname)%00%(upstream:track)%00%(upstream:remotename)%00%(upstream:remoteref) refs/heads/master refs/remotes/master [1ms]
[2025-08-21T12:10:57.992Z] > git for-each-ref --sort -committerdate --format %(refname) %(objectname) %(*objectname) [3ms]
[2025-08-21T12:10:57.992Z] > git remote --verbose [1ms]
[2025-08-21T12:10:57.997Z] > git config --get commit.template [0ms]
[2025-08-21T12:11:03.016Z] > git status -z -uall [14ms]
[2025-08-21T12:11:03.020Z] > git symbolic-ref --short HEAD [1ms]
[2025-08-21T12:11:03.022Z] > git for-each-ref --format=%(refname)%00%(upstream:short)%00%(objectname)%00%(upstream:track)%00%(upstream:remotename)%00%(upstream:remoteref) refs/heads/master refs/remotes/master [1ms]
[2025-08-21T12:11:03.026Z] > git for-each-ref --sort -committerdate --format %(refname) %(objectname) %(*objectname) [2ms]
[2025-08-21T12:11:03.027Z] > git remote --verbose [1ms]
[2025-08-21T12:11:03.032Z] > git config --get commit.template [0ms]
[2025-08-21T12:11:03.782Z] > git show --textconv :rwProcMem33Module/rwProcMem_module/ver_control.h [2ms]
[2025-08-21T12:11:03.783Z] > git ls-files --stage -- /root/Desktop/kernel_workspace/kernel_platform/rwProcMem33/rwProcMem33Module/rwProcMem_module/ver_control.h [1ms]
[2025-08-21T12:11:03.785Z] > git cat-file -s 876fe75f12c1ff1befda350a8293a458050761f6 [1ms]
[2025-08-21T12:11:08.051Z] > git status -z -uall [15ms]
[2025-08-21T12:11:08.054Z] > git symbolic-ref --short HEAD [1ms]
[2025-08-21T12:11:08.056Z] > git for-each-ref --format=%(refname)%00%(upstream:short)%00%(objectname)%00%(upstream:track)%00%(upstream:remotename)%00%(upstream:remoteref) refs/heads/master refs/remotes/master [0ms]
[2025-08-21T12:11:08.060Z] > git for-each-ref --sort -committerdate --format %(refname) %(objectname) %(*objectname) [2ms]
[2025-08-21T12:11:08.060Z] > git remote --verbose [0ms]
[2025-08-21T12:11:08.065Z] > git config --get commit.template [0ms]
[2025-08-21T12:11:13.084Z] > git status -z -uall [15ms]
[2025-08-21T12:11:13.087Z] > git symbolic-ref --short HEAD [1ms]
[2025-08-21T12:11:13.090Z] > git for-each-ref --format=%(refname)%00%(upstream:short)%00%(objectname)%00%(upstream:track)%00%(upstream:remotename)%00%(upstream:remoteref) refs/heads/master refs/remotes/master [1ms]
[2025-08-21T12:11:13.093Z] > git for-each-ref --sort -committerdate --format %(refname) %(objectname) %(*objectname) [2ms]
[2025-08-21T12:11:13.094Z] > git remote --verbose [1ms]
[2025-08-21T12:11:13.101Z] > git config --get commit.template [1ms]
[2025-08-21T12:11:14.691Z] > git show --textconv :rwProcMem33Module/rwProcMem_module/rwProcMem_module.c [2ms]
[2025-08-21T12:11:14.691Z] > git ls-files --stage -- /root/Desktop/kernel_workspace/kernel_platform/rwProcMem33/rwProcMem33Module/rwProcMem_module/rwProcMem_module.c [0ms]
[2025-08-21T12:11:14.693Z] > git cat-file -s c36cdba2febecfd71e28ebf9443195726ee3713e [0ms]
[2025-08-21T12:11:17.053Z] > git show --textconv :rwProcMem33Module/rwProcMem_module/ver_control.h [2ms]
[2025-08-21T12:11:17.054Z] > git ls-files --stage -- /root/Desktop/kernel_workspace/kernel_platform/rwProcMem33/rwProcMem33Module/rwProcMem_module/ver_control.h [1ms]
[2025-08-21T12:11:17.056Z] > git cat-file -s 876fe75f12c1ff1befda350a8293a458050761f6 [1ms]
[2025-08-21T12:11:18.120Z] > git status -z -uall [14ms]
[2025-08-21T12:11:18.124Z] > git symbolic-ref --short HEAD [1ms]
[2025-08-21T12:11:18.127Z] > git for-each-ref --format=%(refname)%00%(upstream:short)%00%(objectname)%00%(upstream:track)%00%(upstream:remotename)%00%(upstream:remoteref) refs/heads/master refs/remotes/master [1ms]
[2025-08-21T12:11:18.131Z] > git for-each-ref --sort -committerdate --format %(refname) %(objectname) %(*objectname) [3ms]
[2025-08-21T12:11:18.131Z] > git remote --verbose [1ms]
[2025-08-21T12:11:18.136Z] > git config --get commit.template [1ms]
[2025-08-21T12:11:23.155Z] > git status -z -uall [15ms]
[2025-08-21T12:11:23.158Z] > git symbolic-ref --short HEAD [1ms]
[2025-08-21T12:11:23.160Z] > git for-each-ref --format=%(refname)%00%(upstream:short)%00%(objectname)%00%(upstream:track)%00%(upstream:remotename)%00%(upstream:remoteref) refs/heads/master refs/remotes/master [0ms]
[2025-08-21T12:11:23.164Z] > git for-each-ref --sort -committerdate --format %(refname) %(objectname) %(*objectname) [2ms]
[2025-08-21T12:11:23.164Z] > git remote --verbose [0ms]
[2025-08-21T12:11:23.170Z] > git config --get commit.template [0ms]
[2025-08-21T12:11:28.188Z] > git status -z -uall [14ms]
[2025-08-21T12:11:28.192Z] > git symbolic-ref --short HEAD [1ms]
[2025-08-21T12:11:28.194Z] > git for-each-ref --format=%(refname)%00%(upstream:short)%00%(objectname)%00%(upstream:track)%00%(upstream:remotename)%00%(upstream:remoteref) refs/heads/master refs/remotes/master [1ms]
[2025-08-21T12:11:28.198Z] > git for-each-ref --sort -committerdate --format %(refname) %(objectname) %(*objectname) [2ms]
[2025-08-21T12:11:28.198Z] > git remote --verbose [1ms]
[2025-08-21T12:11:28.204Z] > git config --get commit.template [1ms]
[2025-08-21T12:11:33.223Z] > git status -z -uall [15ms]
[2025-08-21T12:11:33.230Z] > git symbolic-ref --short HEAD [5ms]
[2025-08-21T12:11:33.233Z] > git for-each-ref --format=%(refname)%00%(upstream:short)%00%(objectname)%00%(upstream:track)%00%(upstream:remotename)%00%(upstream:remoteref) refs/heads/master refs/remotes/master [1ms]
[2025-08-21T12:11:33.237Z] > git for-each-ref --sort -committerdate --format %(refname) %(objectname) %(*objectname) [2ms]
[2025-08-21T12:11:33.237Z] > git remote --verbose [1ms]
[2025-08-21T12:11:33.242Z] > git config --get commit.template [0ms]
[2025-08-21T12:15:27.848Z] > git status -z -uall [15ms]
[2025-08-21T12:15:27.852Z] > git symbolic-ref --short HEAD [1ms]
[2025-08-21T12:15:27.854Z] > git for-each-ref --format=%(refname)%00%(upstream:short)%00%(objectname)%00%(upstream:track)%00%(upstream:remotename)%00%(upstream:remoteref) refs/heads/master refs/remotes/master [1ms]
[2025-08-21T12:15:27.858Z] > git for-each-ref --sort -committerdate --format %(refname) %(objectname) %(*objectname) [2ms]
[2025-08-21T12:15:27.858Z] > git remote --verbose [1ms]
[2025-08-21T12:15:27.865Z] > git config --get commit.template [1ms]
[2025-08-21T12:15:32.884Z] > git status -z -uall [14ms]
[2025-08-21T12:15:32.887Z] > git symbolic-ref --short HEAD [1ms]
[2025-08-21T12:15:32.889Z] > git for-each-ref --format=%(refname)%00%(upstream:short)%00%(objectname)%00%(upstream:track)%00%(upstream:remotename)%00%(upstream:remoteref) refs/heads/master refs/remotes/master [0ms]
[2025-08-21T12:15:32.893Z] > git for-each-ref --sort -committerdate --format %(refname) %(objectname) %(*objectname) [2ms]
[2025-08-21T12:15:32.893Z] > git remote --verbose [0ms]
[2025-08-21T12:15:32.899Z] > git config --get commit.template [0ms]
[2025-08-21T12:15:37.918Z] > git status -z -uall [15ms]
[2025-08-21T12:15:37.921Z] > git symbolic-ref --short HEAD [1ms]
[2025-08-21T12:15:37.923Z] > git for-each-ref --format=%(refname)%00%(upstream:short)%00%(objectname)%00%(upstream:track)%00%(upstream:remotename)%00%(upstream:remoteref) refs/heads/master refs/remotes/master [1ms]
[2025-08-21T12:15:37.927Z] > git for-each-ref --sort -committerdate --format %(refname) %(objectname) %(*objectname) [2ms]
[2025-08-21T12:15:37.927Z] > git remote --verbose [1ms]
[2025-08-21T12:15:37.933Z] > git config --get commit.template [1ms]
